[2024-06-02T19:24:06.525+0000] {manager.py:470} INFO - Processing files using up to 1 processes at a time 
[2024-06-02T19:24:06.527+0000] {manager.py:471} INFO - Process each file at most once every 30 seconds
[2024-06-02T19:24:06.531+0000] {manager.py:472} INFO - Checking for new files in /opt/airflow/dags every 300 seconds
[2024-06-02T19:24:06.538+0000] {manager.py:737} INFO - Searching for files in /opt/airflow/dags
[2024-06-02T19:24:06.543+0000] {manager.py:740} INFO - There are 0 files in /opt/airflow/dags
[2024-06-02T19:29:07.315+0000] {manager.py:737} INFO - Searching for files in /opt/airflow/dags
[2024-06-02T19:29:07.357+0000] {manager.py:740} INFO - There are 0 files in /opt/airflow/dags
[2024-06-02T19:34:08.082+0000] {manager.py:737} INFO - Searching for files in /opt/airflow/dags
[2024-06-02T19:34:08.111+0000] {manager.py:740} INFO - There are 0 files in /opt/airflow/dags
[2024-06-02T19:39:08.905+0000] {manager.py:737} INFO - Searching for files in /opt/airflow/dags
[2024-06-02T19:39:08.923+0000] {manager.py:740} INFO - There are 0 files in /opt/airflow/dags
[2024-06-02T19:44:09.939+0000] {manager.py:737} INFO - Searching for files in /opt/airflow/dags
[2024-06-02T19:44:09.984+0000] {manager.py:740} INFO - There are 0 files in /opt/airflow/dags
[2024-06-02T19:49:10.347+0000] {manager.py:737} INFO - Searching for files in /opt/airflow/dags
[2024-06-02T19:49:10.352+0000] {manager.py:740} INFO - There are 0 files in /opt/airflow/dags
[2024-06-02T19:54:10.408+0000] {manager.py:737} INFO - Searching for files in /opt/airflow/dags
[2024-06-02T19:54:10.434+0000] {manager.py:740} INFO - There are 0 files in /opt/airflow/dags
[2024-06-02T19:59:11.464+0000] {manager.py:737} INFO - Searching for files in /opt/airflow/dags
[2024-06-02T19:59:11.490+0000] {manager.py:740} INFO - There are 0 files in /opt/airflow/dags
[2024-06-02T20:04:11.534+0000] {manager.py:737} INFO - Searching for files in /opt/airflow/dags
[2024-06-02T20:04:11.545+0000] {manager.py:740} INFO - There are 0 files in /opt/airflow/dags
[2024-06-02T20:09:12.063+0000] {manager.py:737} INFO - Searching for files in /opt/airflow/dags
[2024-06-02T20:09:12.070+0000] {manager.py:740} INFO - There are 0 files in /opt/airflow/dags
[2024-06-02T20:14:12.307+0000] {manager.py:737} INFO - Searching for files in /opt/airflow/dags
[2024-06-02T20:14:12.312+0000] {manager.py:740} INFO - There are 0 files in /opt/airflow/dags
[2024-06-02T20:19:12.390+0000] {manager.py:737} INFO - Searching for files in /opt/airflow/dags
[2024-06-02T20:19:12.410+0000] {manager.py:740} INFO - There are 0 files in /opt/airflow/dags
[2024-06-02T20:24:12.759+0000] {manager.py:737} INFO - Searching for files in /opt/airflow/dags
[2024-06-02T20:24:12.762+0000] {manager.py:740} INFO - There are 0 files in /opt/airflow/dags
[2024-06-02T20:29:13.685+0000] {manager.py:737} INFO - Searching for files in /opt/airflow/dags
[2024-06-02T20:29:13.687+0000] {manager.py:740} INFO - There are 0 files in /opt/airflow/dags
[2024-06-02T20:31:35.240+0000] {manager.py:470} INFO - Processing files using up to 1 processes at a time 
[2024-06-02T20:31:35.242+0000] {manager.py:471} INFO - Process each file at most once every 30 seconds
[2024-06-02T20:31:35.243+0000] {manager.py:472} INFO - Checking for new files in /opt/airflow/NBA_dag every 300 seconds
[2024-06-02T20:31:35.244+0000] {manager.py:737} INFO - Searching for files in /opt/airflow/NBA_dag
[2024-06-02T20:31:35.282+0000] {manager.py:740} INFO - There are 1 files in /opt/airflow/NBA_dag
[2024-06-02T20:31:35.535+0000] {manager.py:878} INFO - 
================================================================================
DAG File Processing Stats

File Path                        PID    Runtime      # DAGs    # Errors  Last Runtime    Last Run
-------------------------------  -----  ---------  --------  ----------  --------------  -------------------
/opt/airflow/NBA_dag/NBA_dag.py                           0           1  0.11s           2024-06-02T20:31:35
================================================================================
[2024-06-02T20:32:05.998+0000] {manager.py:878} INFO - 
================================================================================
DAG File Processing Stats

File Path                        PID    Runtime      # DAGs    # Errors  Last Runtime    Last Run
-------------------------------  -----  ---------  --------  ----------  --------------  -------------------
/opt/airflow/NBA_dag/NBA_dag.py                           0           1  0.11s           2024-06-02T20:32:05
================================================================================
[2024-06-02T20:32:36.753+0000] {manager.py:878} INFO - 
================================================================================
DAG File Processing Stats

File Path                        PID    Runtime      # DAGs    # Errors  Last Runtime    Last Run
-------------------------------  -----  ---------  --------  ----------  --------------  -------------------
/opt/airflow/NBA_dag/NBA_dag.py                           0           1  0.10s           2024-06-02T20:32:36
================================================================================
[2024-06-02T20:33:07.077+0000] {manager.py:878} INFO - 
================================================================================
DAG File Processing Stats

File Path                        PID    Runtime      # DAGs    # Errors  Last Runtime    Last Run
-------------------------------  -----  ---------  --------  ----------  --------------  -------------------
/opt/airflow/NBA_dag/NBA_dag.py                           0           1  0.10s           2024-06-02T20:33:07
================================================================================
[2024-06-02T20:33:37.284+0000] {manager.py:878} INFO - 
================================================================================
DAG File Processing Stats

File Path                        PID    Runtime      # DAGs    # Errors  Last Runtime    Last Run
-------------------------------  -----  ---------  --------  ----------  --------------  -------------------
/opt/airflow/NBA_dag/NBA_dag.py                           0           1  0.10s           2024-06-02T20:33:37
================================================================================
[2024-06-02T20:34:07.491+0000] {manager.py:878} INFO - 
================================================================================
DAG File Processing Stats

File Path                        PID    Runtime      # DAGs    # Errors  Last Runtime    Last Run
-------------------------------  -----  ---------  --------  ----------  --------------  -------------------
/opt/airflow/NBA_dag/NBA_dag.py                           0           1  0.10s           2024-06-02T20:34:07
================================================================================
[2024-06-02T20:34:37.769+0000] {manager.py:878} INFO - 
================================================================================
DAG File Processing Stats

File Path                        PID    Runtime      # DAGs    # Errors  Last Runtime    Last Run
-------------------------------  -----  ---------  --------  ----------  --------------  -------------------
/opt/airflow/NBA_dag/NBA_dag.py                           0           1  0.10s           2024-06-02T20:34:37
================================================================================
[2024-06-02T20:35:08.006+0000] {manager.py:878} INFO - 
================================================================================
DAG File Processing Stats

File Path                        PID    Runtime      # DAGs    # Errors  Last Runtime    Last Run
-------------------------------  -----  ---------  --------  ----------  --------------  -------------------
/opt/airflow/NBA_dag/NBA_dag.py                           0           1  0.10s           2024-06-02T20:35:08
================================================================================
[2024-06-02T20:35:38.255+0000] {manager.py:878} INFO - 
================================================================================
DAG File Processing Stats

File Path                        PID    Runtime      # DAGs    # Errors  Last Runtime    Last Run
-------------------------------  -----  ---------  --------  ----------  --------------  -------------------
/opt/airflow/NBA_dag/NBA_dag.py                           0           1  0.10s           2024-06-02T20:35:38
================================================================================
[2024-06-02T20:36:08.512+0000] {manager.py:878} INFO - 
================================================================================
DAG File Processing Stats

File Path                        PID    Runtime      # DAGs    # Errors  Last Runtime    Last Run
-------------------------------  -----  ---------  --------  ----------  --------------  -------------------
/opt/airflow/NBA_dag/NBA_dag.py                           0           1  0.10s           2024-06-02T20:36:08
================================================================================
[2024-06-02T20:36:35.434+0000] {manager.py:737} INFO - Searching for files in /opt/airflow/NBA_dag
[2024-06-02T20:36:35.476+0000] {manager.py:740} INFO - There are 1 files in /opt/airflow/NBA_dag
[2024-06-02T20:36:38.805+0000] {manager.py:878} INFO - 
================================================================================
DAG File Processing Stats

File Path                        PID    Runtime      # DAGs    # Errors  Last Runtime    Last Run
-------------------------------  -----  ---------  --------  ----------  --------------  -------------------
/opt/airflow/NBA_dag/NBA_dag.py                           0           1  0.11s           2024-06-02T20:36:38
================================================================================
[2024-06-02T20:37:09.173+0000] {manager.py:878} INFO - 
================================================================================
DAG File Processing Stats

File Path                        PID    Runtime      # DAGs    # Errors  Last Runtime    Last Run
-------------------------------  -----  ---------  --------  ----------  --------------  -------------------
/opt/airflow/NBA_dag/NBA_dag.py                           0           1  0.21s           2024-06-02T20:37:09
================================================================================
[2024-06-02T20:37:39.462+0000] {manager.py:878} INFO - 
================================================================================
DAG File Processing Stats

File Path                        PID    Runtime      # DAGs    # Errors  Last Runtime    Last Run
-------------------------------  -----  ---------  --------  ----------  --------------  -------------------
/opt/airflow/NBA_dag/NBA_dag.py                           0           1  0.21s           2024-06-02T20:37:39
================================================================================
[2024-06-02T20:38:10.077+0000] {manager.py:878} INFO - 
================================================================================
DAG File Processing Stats

File Path                        PID    Runtime      # DAGs    # Errors  Last Runtime    Last Run
-------------------------------  -----  ---------  --------  ----------  --------------  -------------------
/opt/airflow/NBA_dag/NBA_dag.py                           0           1  0.10s           2024-06-02T20:38:08
================================================================================
[2024-06-02T20:38:40.903+0000] {manager.py:878} INFO - 
================================================================================
DAG File Processing Stats

File Path                        PID    Runtime      # DAGs    # Errors  Last Runtime    Last Run
-------------------------------  -----  ---------  --------  ----------  --------------  -------------------
/opt/airflow/NBA_dag/NBA_dag.py                           0           1  0.10s           2024-06-02T20:38:39
================================================================================
[2024-06-02T20:39:26.422+0000] {manager.py:470} INFO - Processing files using up to 1 processes at a time 
[2024-06-02T20:39:26.423+0000] {manager.py:471} INFO - Process each file at most once every 30 seconds
[2024-06-02T20:39:26.425+0000] {manager.py:472} INFO - Checking for new files in /opt/airflow/NBA_dag every 300 seconds
[2024-06-02T20:39:26.426+0000] {manager.py:737} INFO - Searching for files in /opt/airflow/NBA_dag
[2024-06-02T20:39:26.467+0000] {manager.py:740} INFO - There are 1 files in /opt/airflow/NBA_dag
[2024-06-02T20:39:26.682+0000] {manager.py:878} INFO - 
================================================================================
DAG File Processing Stats

File Path                        PID    Runtime      # DAGs    # Errors  Last Runtime    Last Run
-------------------------------  -----  ---------  --------  ----------  --------------  -------------------
/opt/airflow/NBA_dag/NBA_dag.py                           0           1  0.11s           2024-06-02T20:39:26
================================================================================
[2024-06-02T20:39:57.466+0000] {manager.py:878} INFO - 
================================================================================
DAG File Processing Stats

File Path                        PID    Runtime      # DAGs    # Errors  Last Runtime    Last Run
-------------------------------  -----  ---------  --------  ----------  --------------  -------------------
/opt/airflow/NBA_dag/NBA_dag.py                           0           1  0.53s           2024-06-02T20:39:57
================================================================================
[2024-06-02T20:40:28.223+0000] {manager.py:878} INFO - 
================================================================================
DAG File Processing Stats

File Path                        PID    Runtime      # DAGs    # Errors  Last Runtime    Last Run
-------------------------------  -----  ---------  --------  ----------  --------------  -------------------
/opt/airflow/NBA_dag/NBA_dag.py                           0           1  0.11s           2024-06-02T20:40:28
================================================================================
[2024-06-02T20:40:58.370+0000] {manager.py:878} INFO - 
================================================================================
DAG File Processing Stats

File Path                        PID    Runtime      # DAGs    # Errors  Last Runtime    Last Run
-------------------------------  -----  ---------  --------  ----------  --------------  -------------------
/opt/airflow/NBA_dag/NBA_dag.py                           0           1  0.61s           2024-06-02T20:40:56
================================================================================
[2024-06-02T20:41:28.824+0000] {manager.py:878} INFO - 
================================================================================
DAG File Processing Stats

File Path                        PID    Runtime      # DAGs    # Errors  Last Runtime    Last Run
-------------------------------  -----  ---------  --------  ----------  --------------  -------------------
/opt/airflow/NBA_dag/NBA_dag.py                           0           1  0.51s           2024-06-02T20:41:27
================================================================================
[2024-06-02T20:42:10.451+0000] {manager.py:470} INFO - Processing files using up to 1 processes at a time 
[2024-06-02T20:42:10.452+0000] {manager.py:471} INFO - Process each file at most once every 30 seconds
[2024-06-02T20:42:10.452+0000] {manager.py:472} INFO - Checking for new files in /opt/airflow/NBA_dag every 300 seconds
[2024-06-02T20:42:10.453+0000] {manager.py:737} INFO - Searching for files in /opt/airflow/NBA_dag
[2024-06-02T20:42:10.497+0000] {manager.py:740} INFO - There are 1 files in /opt/airflow/NBA_dag
[2024-06-02T20:42:11.274+0000] {manager.py:878} INFO - 
================================================================================
DAG File Processing Stats

File Path                        PID    Runtime      # DAGs    # Errors  Last Runtime    Last Run
-------------------------------  -----  ---------  --------  ----------  --------------  -------------------
/opt/airflow/NBA_dag/NBA_dag.py                           0           1  0.62s           2024-06-02T20:42:11
================================================================================
[2024-06-02T20:42:46.824+0000] {manager.py:878} INFO - 
================================================================================
DAG File Processing Stats

File Path                        PID    Runtime      # DAGs    # Errors  Last Runtime    Last Run
-------------------------------  -----  ---------  --------  ----------  --------------  -------------------
/opt/airflow/NBA_dag/NBA_dag.py                           0           1  2.95s           2024-06-02T20:42:46
================================================================================
[2024-06-02T20:43:17.574+0000] {manager.py:878} INFO - 
================================================================================
DAG File Processing Stats

File Path                        PID    Runtime      # DAGs    # Errors  Last Runtime    Last Run
-------------------------------  -----  ---------  --------  ----------  --------------  -------------------
/opt/airflow/NBA_dag/NBA_dag.py                           0           1  0.41s           2024-06-02T20:43:17
================================================================================
[2024-06-02T20:43:50.382+0000] {manager.py:878} INFO - 
================================================================================
DAG File Processing Stats

File Path                        PID    Runtime      # DAGs    # Errors  Last Runtime    Last Run
-------------------------------  -----  ---------  --------  ----------  --------------  -------------------
/opt/airflow/NBA_dag/NBA_dag.py                           0           1  1.72s           2024-06-02T20:43:50
================================================================================
[2024-06-02T20:44:21.590+0000] {manager.py:878} INFO - 
================================================================================
DAG File Processing Stats

File Path                        PID    Runtime      # DAGs    # Errors  Last Runtime    Last Run
-------------------------------  -----  ---------  --------  ----------  --------------  -------------------
/opt/airflow/NBA_dag/NBA_dag.py                           0           1  1.12s           2024-06-02T20:44:21
================================================================================
[2024-06-02T20:44:53.121+0000] {manager.py:878} INFO - 
================================================================================
DAG File Processing Stats

File Path                        PID    Runtime      # DAGs    # Errors  Last Runtime    Last Run
-------------------------------  -----  ---------  --------  ----------  --------------  -------------------
/opt/airflow/NBA_dag/NBA_dag.py                           0           1  1.02s           2024-06-02T20:44:53
================================================================================
[2024-06-02T20:45:24.720+0000] {manager.py:878} INFO - 
================================================================================
DAG File Processing Stats

File Path                        PID    Runtime      # DAGs    # Errors  Last Runtime    Last Run
-------------------------------  -----  ---------  --------  ----------  --------------  -------------------
/opt/airflow/NBA_dag/NBA_dag.py                           0           1  0.61s           2024-06-02T20:45:24
================================================================================
[2024-06-02T20:45:55.974+0000] {manager.py:878} INFO - 
================================================================================
DAG File Processing Stats

File Path                        PID    Runtime      # DAGs    # Errors  Last Runtime    Last Run
-------------------------------  -----  ---------  --------  ----------  --------------  -------------------
/opt/airflow/NBA_dag/NBA_dag.py                           0           1  0.83s           2024-06-02T20:45:55
================================================================================
[2024-06-02T20:46:27.117+0000] {manager.py:878} INFO - 
================================================================================
DAG File Processing Stats

File Path                        PID    Runtime      # DAGs    # Errors  Last Runtime    Last Run
-------------------------------  -----  ---------  --------  ----------  --------------  -------------------
/opt/airflow/NBA_dag/NBA_dag.py                           0           1  0.61s           2024-06-02T20:46:27
================================================================================
[2024-06-02T20:46:58.774+0000] {manager.py:878} INFO - 
================================================================================
DAG File Processing Stats

File Path                        PID    Runtime      # DAGs    # Errors  Last Runtime    Last Run
-------------------------------  -----  ---------  --------  ----------  --------------  -------------------
/opt/airflow/NBA_dag/NBA_dag.py                           0           1  1.21s           2024-06-02T20:46:58
================================================================================
[2024-06-02T20:47:10.961+0000] {manager.py:737} INFO - Searching for files in /opt/airflow/NBA_dag
[2024-06-02T20:47:11.094+0000] {manager.py:740} INFO - There are 1 files in /opt/airflow/NBA_dag
[2024-06-02T20:47:29.786+0000] {manager.py:878} INFO - 
================================================================================
DAG File Processing Stats

File Path                        PID    Runtime      # DAGs    # Errors  Last Runtime    Last Run
-------------------------------  -----  ---------  --------  ----------  --------------  -------------------
/opt/airflow/NBA_dag/NBA_dag.py                           0           1  0.92s           2024-06-02T20:47:29
================================================================================
[2024-06-02T20:48:01.201+0000] {manager.py:878} INFO - 
================================================================================
DAG File Processing Stats

File Path                        PID    Runtime      # DAGs    # Errors  Last Runtime    Last Run
-------------------------------  -----  ---------  --------  ----------  --------------  -------------------
/opt/airflow/NBA_dag/NBA_dag.py                           0           1  1.01s           2024-06-02T20:48:01
================================================================================
[2024-06-02T20:48:32.306+0000] {manager.py:878} INFO - 
================================================================================
DAG File Processing Stats

File Path                        PID    Runtime      # DAGs    # Errors  Last Runtime    Last Run
-------------------------------  -----  ---------  --------  ----------  --------------  -------------------
/opt/airflow/NBA_dag/NBA_dag.py                           0           1  0.72s           2024-06-02T20:48:32
================================================================================
[2024-06-02T20:49:06.267+0000] {manager.py:878} INFO - 
================================================================================
DAG File Processing Stats

File Path                        PID    Runtime      # DAGs    # Errors  Last Runtime    Last Run
-------------------------------  -----  ---------  --------  ----------  --------------  -------------------
/opt/airflow/NBA_dag/NBA_dag.py                           0           1  2.43s           2024-06-02T20:49:06
================================================================================
[2024-06-02T20:49:37.904+0000] {manager.py:878} INFO - 
================================================================================
DAG File Processing Stats

File Path                        PID    Runtime      # DAGs    # Errors  Last Runtime    Last Run
-------------------------------  -----  ---------  --------  ----------  --------------  -------------------
/opt/airflow/NBA_dag/NBA_dag.py                           0           1  1.01s           2024-06-02T20:49:37
================================================================================
[2024-06-02T20:50:09.373+0000] {manager.py:878} INFO - 
================================================================================
DAG File Processing Stats

File Path                        PID    Runtime      # DAGs    # Errors  Last Runtime    Last Run
-------------------------------  -----  ---------  --------  ----------  --------------  -------------------
/opt/airflow/NBA_dag/NBA_dag.py                           0           1  0.82s           2024-06-02T20:50:09
================================================================================
[2024-06-02T20:50:40.339+0000] {manager.py:878} INFO - 
================================================================================
DAG File Processing Stats

File Path                        PID    Runtime      # DAGs    # Errors  Last Runtime    Last Run
-------------------------------  -----  ---------  --------  ----------  --------------  -------------------
/opt/airflow/NBA_dag/NBA_dag.py                           0           1  0.81s           2024-06-02T20:50:40
================================================================================
[2024-06-02T20:51:12.244+0000] {manager.py:878} INFO - 
================================================================================
DAG File Processing Stats

File Path                        PID    Runtime      # DAGs    # Errors  Last Runtime    Last Run
-------------------------------  -----  ---------  --------  ----------  --------------  -------------------
/opt/airflow/NBA_dag/NBA_dag.py                           0           1  1.81s           2024-06-02T20:51:12
================================================================================
[2024-06-02T20:51:43.061+0000] {manager.py:878} INFO - 
================================================================================
DAG File Processing Stats

File Path                        PID    Runtime      # DAGs    # Errors  Last Runtime    Last Run
-------------------------------  -----  ---------  --------  ----------  --------------  -------------------
/opt/airflow/NBA_dag/NBA_dag.py                           0           1  0.61s           2024-06-02T20:51:43
================================================================================
[2024-06-02T20:52:11.025+0000] {manager.py:737} INFO - Searching for files in /opt/airflow/NBA_dag
[2024-06-02T20:52:11.064+0000] {manager.py:740} INFO - There are 1 files in /opt/airflow/NBA_dag
[2024-06-02T20:52:13.906+0000] {manager.py:878} INFO - 
================================================================================
DAG File Processing Stats

File Path                        PID    Runtime      # DAGs    # Errors  Last Runtime    Last Run
-------------------------------  -----  ---------  --------  ----------  --------------  -------------------
/opt/airflow/NBA_dag/NBA_dag.py                           0           1  0.41s           2024-06-02T20:52:13
================================================================================
[2024-06-02T20:52:44.794+0000] {manager.py:878} INFO - 
================================================================================
DAG File Processing Stats

File Path                        PID    Runtime      # DAGs    # Errors  Last Runtime    Last Run
-------------------------------  -----  ---------  --------  ----------  --------------  -------------------
/opt/airflow/NBA_dag/NBA_dag.py                           0           1  0.40s           2024-06-02T20:52:44
================================================================================
[2024-06-02T20:53:15.836+0000] {manager.py:878} INFO - 
================================================================================
DAG File Processing Stats

File Path                        PID    Runtime      # DAGs    # Errors  Last Runtime    Last Run
-------------------------------  -----  ---------  --------  ----------  --------------  -------------------
/opt/airflow/NBA_dag/NBA_dag.py                           0           1  0.40s           2024-06-02T20:53:15
================================================================================
[2024-06-02T20:53:46.899+0000] {manager.py:878} INFO - 
================================================================================
DAG File Processing Stats

File Path                        PID    Runtime      # DAGs    # Errors  Last Runtime    Last Run
-------------------------------  -----  ---------  --------  ----------  --------------  -------------------
/opt/airflow/NBA_dag/NBA_dag.py                           0           1  0.40s           2024-06-02T20:53:46
================================================================================
[2024-06-02T20:54:17.580+0000] {manager.py:878} INFO - 
================================================================================
DAG File Processing Stats

File Path                        PID    Runtime      # DAGs    # Errors  Last Runtime    Last Run
-------------------------------  -----  ---------  --------  ----------  --------------  -------------------
/opt/airflow/NBA_dag/NBA_dag.py                           0           1  0.40s           2024-06-02T20:54:17
================================================================================
[2024-06-02T20:54:48.483+0000] {manager.py:878} INFO - 
================================================================================
DAG File Processing Stats

File Path                        PID    Runtime      # DAGs    # Errors  Last Runtime    Last Run
-------------------------------  -----  ---------  --------  ----------  --------------  -------------------
/opt/airflow/NBA_dag/NBA_dag.py                           0           1  0.50s           2024-06-02T20:54:48
================================================================================
[2024-06-02T20:55:18.981+0000] {manager.py:878} INFO - 
================================================================================
DAG File Processing Stats

File Path                        PID    Runtime      # DAGs    # Errors  Last Runtime    Last Run
-------------------------------  -----  ---------  --------  ----------  --------------  -------------------
/opt/airflow/NBA_dag/NBA_dag.py                           0           1  0.41s           2024-06-02T20:55:18
================================================================================
[2024-06-02T20:55:49.648+0000] {manager.py:878} INFO - 
================================================================================
DAG File Processing Stats

File Path                        PID    Runtime      # DAGs    # Errors  Last Runtime    Last Run
-------------------------------  -----  ---------  --------  ----------  --------------  -------------------
/opt/airflow/NBA_dag/NBA_dag.py                           0           1  0.40s           2024-06-02T20:55:49
================================================================================
[2024-06-02T20:56:20.236+0000] {manager.py:878} INFO - 
================================================================================
DAG File Processing Stats

File Path                        PID    Runtime      # DAGs    # Errors  Last Runtime    Last Run
-------------------------------  -----  ---------  --------  ----------  --------------  -------------------
/opt/airflow/NBA_dag/NBA_dag.py                           0           1  0.40s           2024-06-02T20:56:20
================================================================================
